# JRE version: Java(TM) SE Runtime Environment (8.0-b108) (build 1.8.0-ea-b108)
# Java VM: Java HotSpot(TM) 64-Bit Server VM (25.0-b50 mixed mode bsd-amd64 compressed oops)
Heap:
 PSYoungGen      total 100864K, used 36316K [0x00000007d5500000, 0x00000007dc780000, 0x0000000800000000)
  eden space 90624K, 37% used [0x00000007d5500000,0x00000007d7601e48,0x00000007dad80000)
  from space 10240K, 24% used [0x00000007db780000,0x00000007db9f5470,0x00000007dc180000)
  to   space 10240K, 0% used [0x00000007dad80000,0x00000007dad80000,0x00000007db780000)
 ParOldGen       total 93696K, used 13388K [0x0000000780000000, 0x0000000785b80000, 0x00000007d5500000)
  object space 93696K, 14% used [0x0000000780000000,0x0000000780d13200,0x0000000785b80000)
 Metaspace total 39072K, used 36980K, reserved 135936K
  data space     34109K, used 32586K, reserved 4864K
  class space    4963K, used 4394K, reserved 131072K
GC Heap History (10 events):
Event: 20.433 GC heap before
{Heap before GC invocations=6 (full 1):
 PSYoungGen      total 51200K, used 50433K [0x00000007d5500000, 0x00000007d9d80000, 0x0000000800000000)
  eden space 49664K, 98% used [0x00000007d5500000,0x00000007d84f85d0,0x00000007d8580000)
  from space 1536K, 85% used [0x00000007d9c00000,0x00000007d9d48000,0x00000007d9d80000)
  to   space 5120K, 0% used [0x00000007d9380000,0x00000007d9380000,0x00000007d9880000)
 ParOldGen       total 59904K, used 6591K [0x0000000780000000, 0x0000000783a80000, 0x00000007d5500000)
  object space 59904K, 11% used [0x0000000780000000,0x000000078066fee0,0x0000000783a80000)
 Metaspace total 30090K, used 28346K, reserved 134656K
  data space     26252K, used 24964K, reserved 3584K
  class space    3838K, used 3382K, reserved 131072K
Event: 20.467 GC heap after
Heap after GC invocations=6 (full 1):
 PSYoungGen      total 69120K, used 3306K [0x00000007d5500000, 0x00000007da800000, 0x0000000800000000)
  eden space 64000K, 0% used [0x00000007d5500000,0x00000007d5500000,0x00000007d9380000)
  from space 5120K, 64% used [0x00000007d9380000,0x00000007d96ba990,0x00000007d9880000)
  to   space 7680K, 0% used [0x00000007da080000,0x00000007da080000,0x00000007da800000)
 ParOldGen       total 59904K, used 6599K [0x0000000780000000, 0x0000000783a80000, 0x00000007d5500000)
  object space 59904K, 11% used [0x0000000780000000,0x0000000780671ee0,0x0000000783a80000)
 Metaspace total 30090K, used 28346K, reserved 134656K
  data space     26252K, used 24964K, reserved 3584K
  class space    3838K, used 3382K, reserved 131072K
}
Event: 863.248 GC heap before
{Heap before GC invocations=7 (full 1):
 PSYoungGen      total 69120K, used 67306K [0x00000007d5500000, 0x00000007da800000, 0x0000000800000000)
  eden space 64000K, 100% used [0x00000007d5500000,0x00000007d9380000,0x00000007d9380000)
  from space 5120K, 64% used [0x00000007d9380000,0x00000007d96ba990,0x00000007d9880000)
  to   space 7680K, 0% used [0x00000007da080000,0x00000007da080000,0x00000007da800000)
 ParOldGen       total 59904K, used 6599K [0x0000000780000000, 0x0000000783a80000, 0x00000007d5500000)
  object space 59904K, 11% used [0x0000000780000000,0x0000000780671ee0,0x0000000783a80000)
 Metaspace total 35016K, used 33151K, reserved 135424K
  data space     30639K, used 29224K, reserved 4352K
  class space    4377K, used 3927K, reserved 131072K
Event: 863.269 GC heap after
Heap after GC invocations=7 (full 1):
 PSYoungGen      total 76288K, used 7205K [0x00000007d5500000, 0x00000007db980000, 0x0000000800000000)
  eden space 68608K, 0% used [0x00000007d5500000,0x00000007d5500000,0x00000007d9800000)
  from space 7680K, 93% used [0x00000007da080000,0x00000007da7896f8,0x00000007da800000)
  to   space 8704K, 0% used [0x00000007d9800000,0x00000007d9800000,0x00000007da080000)
 ParOldGen       total 59904K, used 6607K [0x0000000780000000, 0x0000000783a80000, 0x00000007d5500000)
  object space 59904K, 11% used [0x0000000780000000,0x0000000780673ee0,0x0000000783a80000)
 Metaspace total 35016K, used 33151K, reserved 135424K
  data space     30639K, used 29224K, reserved 4352K
  class space    4377K, used 3927K, reserved 131072K
}
Event: 867.360 GC heap before
{Heap before GC invocations=8 (full 1):
 PSYoungGen      total 76288K, used 25606K [0x00000007d5500000, 0x00000007db980000, 0x0000000800000000)
  eden space 68608K, 26% used [0x00000007d5500000,0x00000007d66f8160,0x00000007d9800000)
  from space 7680K, 93% used [0x00000007da080000,0x00000007da7896f8,0x00000007da800000)
  to   space 8704K, 0% used [0x00000007d9800000,0x00000007d9800000,0x00000007da080000)
 ParOldGen       total 59904K, used 6607K [0x0000000780000000, 0x0000000783a80000, 0x00000007d5500000)
  object space 59904K, 11% used [0x0000000780000000,0x0000000780673ee0,0x0000000783a80000)
 Metaspace total 36410K, used 34552K, reserved 135424K
  data space     31870K, used 30469K, reserved 4352K
  class space    4540K, used 4082K, reserved 131072K
Event: 867.397 GC heap after
Heap after GC invocations=8 (full 1):
 PSYoungGen      total 77312K, used 8563K [0x00000007d5500000, 0x00000007dc180000, 0x0000000800000000)
  eden space 68608K, 0% used [0x00000007d5500000,0x00000007d5500000,0x00000007d9800000)
  from space 8704K, 98% used [0x00000007d9800000,0x00000007da05cc90,0x00000007da080000)
  to   space 10240K, 0% used [0x00000007db780000,0x00000007db780000,0x00000007dc180000)
 ParOldGen       total 59904K, used 6615K [0x0000000780000000, 0x0000000783a80000, 0x00000007d5500000)
  object space 59904K, 11% used [0x0000000780000000,0x0000000780675ee0,0x0000000783a80000)
 Metaspace total 36410K, used 34552K, reserved 135424K
  data space     31870K, used 30469K, reserved 4352K
  class space    4540K, used 4082K, reserved 131072K
}
Event: 867.397 GC heap before
{Heap before GC invocations=9 (full 2):
 PSYoungGen      total 77312K, used 8563K [0x00000007d5500000, 0x00000007dc180000, 0x0000000800000000)
  eden space 68608K, 0% used [0x00000007d5500000,0x00000007d5500000,0x00000007d9800000)
  from space 8704K, 98% used [0x00000007d9800000,0x00000007da05cc90,0x00000007da080000)
  to   space 10240K, 0% used [0x00000007db780000,0x00000007db780000,0x00000007dc180000)
 ParOldGen       total 59904K, used 6615K [0x0000000780000000, 0x0000000783a80000, 0x00000007d5500000)
  object space 59904K, 11% used [0x0000000780000000,0x0000000780675ee0,0x0000000783a80000)
 Metaspace total 36410K, used 34552K, reserved 135424K
  data space     31870K, used 30469K, reserved 4352K
  class space    4540K, used 4082K, reserved 131072K
Event: 867.550 GC heap after
Heap after GC invocations=9 (full 2):
 PSYoungGen      total 77312K, used 0K [0x00000007d5500000, 0x00000007dc180000, 0x0000000800000000)
  eden space 68608K, 0% used [0x00000007d5500000,0x00000007d5500000,0x00000007d9800000)
  from space 8704K, 0% used [0x00000007d9800000,0x00000007d9800000,0x00000007da080000)
  to   space 10240K, 0% used [0x00000007db780000,0x00000007db780000,0x00000007dc180000)
 ParOldGen       total 93696K, used 13380K [0x0000000780000000, 0x0000000785b80000, 0x00000007d5500000)
  object space 93696K, 14% used [0x0000000780000000,0x0000000780d11200,0x0000000785b80000)
 Metaspace total 36410K, used 34552K, reserved 135424K
  data space     31870K, used 30469K, reserved 4352K
  class space    4540K, used 4082K, reserved 131072K
}
Event: 881.746 GC heap before
{Heap before GC invocations=10 (full 2):
 PSYoungGen      total 77312K, used 68608K [0x00000007d5500000, 0x00000007dc180000, 0x0000000800000000)
  eden space 68608K, 100% used [0x00000007d5500000,0x00000007d9800000,0x00000007d9800000)
  from space 8704K, 0% used [0x00000007d9800000,0x00000007d9800000,0x00000007da080000)
  to   space 10240K, 0% used [0x00000007db780000,0x00000007db780000,0x00000007dc180000)
 ParOldGen       total 93696K, used 13380K [0x0000000780000000, 0x0000000785b80000, 0x00000007d5500000)
  object space 93696K, 14% used [0x0000000780000000,0x0000000780d11200,0x0000000785b80000)
 Metaspace total 36968K, used 35011K, reserved 135680K
  data space     32383K, used 30880K, reserved 4608K
  class space    4585K, used 4130K, reserved 131072K
Event: 881.754 GC heap after
Heap after GC invocations=10 (full 2):
 PSYoungGen      total 100864K, used 2517K [0x00000007d5500000, 0x00000007dc780000, 0x0000000800000000)
  eden space 90624K, 0% used [0x00000007d5500000,0x00000007d5500000,0x00000007dad80000)
  from space 10240K, 24% used [0x00000007db780000,0x00000007db9f5470,0x00000007dc180000)
  to   space 10240K, 0% used [0x00000007dad80000,0x00000007dad80000,0x00000007db780000)
 ParOldGen       total 93696K, used 13388K [0x0000000780000000, 0x0000000785b80000, 0x00000007d5500000)
  object space 93696K, 14% used [0x0000000780000000,0x0000000780d13200,0x0000000785b80000)
 Metaspace total 36968K, used 35011K, reserved 135680K
  data space     32383K, used 30880K, reserved 4608K
  class space    4585K, used 4130K, reserved 131072K
}

